<?xml version="1.0" encoding="UTF-8"?>
<!-- Generated by org.testng.reporters.JUnitXMLReporter -->
<testsuite ignored="0" hostname="DESKTOP-ODC64OD" failures="0" tests="2" name="Admin Testcase" time="38.098" errors="0" timestamp="2025-12-10T07:09:47 IST">
  <testcase classname="AdminTestcase.ComposeMessageTest" name="@BeforeClass setup" time="16.714">
    <failure type="java.lang.RuntimeException" message="Setup failed due to login or initialization error.">
      <![CDATA[java.lang.RuntimeException: Setup failed due to login or initialization error.
at AdminTestcase.ComposeMessageTest.setup(ComposeMessageTest.java:137)
at java.base/java.util.ArrayList.forEach(ArrayList.java:1511)
Caused by: org.openqa.selenium.TimeoutException: Expected condition failed: waiting for element to be clickable: By.xpath: //a[@class='mat-focus-indicator mat-raised-button mat-button-base'] (tried for 10 second(s) with 500 milliseconds interval)
Build info: version: '4.21.0', revision: '79ed462ef4'
System info: os.name: 'Windows 11', os.arch: 'amd64', os.version: '10.0', java.version: '18.0.1.1'
Driver info: org.openqa.selenium.chrome.ChromeDriver
Capabilities {acceptInsecureCerts: false, browserName: chrome, browserVersion: 142.0.7444.176, chrome: {chromedriverVersion: 142.0.7444.175 (302067f14a4..., userDataDir: C:\Users\PADMA~1.DES\AppDat...}, fedcm:accounts: true, goog:chromeOptions: {debuggerAddress: localhost:52672}, goog:processID: 5132, networkConnectionEnabled: false, pageLoadStrategy: normal, platformName: windows, proxy: Proxy(), se:cdp: ws://localhost:52672/devtoo..., se:cdpVersion: 142.0.7444.176, setWindowRect: true, strictFileInteractability: false, timeouts: {implicit: 0, pageLoad: 300000, script: 30000}, unhandledPromptBehavior: dismiss and notify, webauthn:extension:credBlob: true, webauthn:extension:largeBlob: true, webauthn:extension:minPinLength: true, webauthn:extension:prf: true, webauthn:virtualAuthenticators: true}
Session ID: bf48fdec76b9552bf7ca09ab9aa7e967
at org.openqa.selenium.support.ui.WebDriverWait.timeoutException(WebDriverWait.java:84)
at org.openqa.selenium.support.ui.FluentWait.until(FluentWait.java:228)
at AdminPages.LoginPage.clickSignIn(LoginPage.java:43)
at AdminTestcase.ComposeMessageTest.setup(ComposeMessageTest.java:120)
... 24 more
... Removed 23 stack frames]]>
    </failure>
  </testcase> <!-- @BeforeClass setup -->
  <testcase classname="AdminTestcase.PaymentSummaryTest" name="paymentSummaryPageTest" time="14.069"/>
  <testcase classname="AdminTestcase.ComposeMessageTest" name="testFullMessageCompositionAndSend" time="0.0">
    <skipped/>
  </testcase> <!-- testFullMessageCompositionAndSend -->
</testsuite> <!-- Admin Testcase -->
