<?xml version="1.0" encoding="UTF-8"?>
<!-- Generated by org.testng.reporters.JUnitXMLReporter -->
<testsuite ignored="0" hostname="DESKTOP-ODC64OD" failures="0" tests="2" name="AdminTests" time="46.91" errors="0" timestamp="2025-09-16T17:45:56 IST">
  <testcase classname="AdminTestcase.CompleteRegistrationTest" name="validateCompleteRegistrationFlow" time="31.2"/>
  <testcase classname="AdminTestcase.PaymentSummaryTest" name="paymentSummaryPageTest" time="9.663"/>
</testsuite> <!-- AdminTests -->
