<?xml version="1.0" encoding="UTF-8"?>
<!-- Generated by org.testng.reporters.JUnitXMLReporter -->
<testsuite ignored="0" hostname="DESKTOP-ODC64OD" failures="0" tests="10" name="Admin Testcase" time="404.931" errors="0" timestamp="2026-01-14T18:45:08 IST">
  <testcase classname="AdminTestcase.AllMessagedropdownTest" name="@BeforeMethod setup" time="20.825">
    <failure type="org.openqa.selenium.TimeoutException" message="Expected condition failed: waiting for element to be clickable: By.xpath: //a[.//h4[normalize-space()=&amp;apos;Messages&amp;apos;]] (tried for 20 second(s) with 500 milliseconds interval)
Build info: version: &amp;apos;4.23.1&amp;apos;, revision: &amp;apos;656257d8e9&amp;apos;
System info: os.name: &amp;apos;Windows 11&amp;apos;, os.arch: &amp;apos;amd64&amp;apos;, os.version: &amp;apos;10.0&amp;apos;, java.version: &amp;apos;18.0.1.1&amp;apos;
Driver info: org.openqa.selenium.chrome.ChromeDriver
Capabilities {acceptInsecureCerts: false, browserName: chrome, browserVersion: 143.0.7499.193, chrome: {chromedriverVersion: 143.0.7499.192 (be2c1f4fd45..., userDataDir: C:\Users\PADMA~1.DES\AppDat...}, fedcm:accounts: true, goog:chromeOptions: {debuggerAddress: localhost:60076}, goog:processID: 7184, networkConnectionEnabled: false, pageLoadStrategy: normal, platformName: windows, proxy: Proxy(), se:cdp: ws://localhost:60076/devtoo..., se:cdpVersion: 143.0.7499.193, setWindowRect: true, strictFileInteractability: false, timeouts: {implicit: 0, pageLoad: 300000, script: 30000}, unhandledPromptBehavior: dismiss and notify, webauthn:extension:credBlob: true, webauthn:extension:largeBlob: true, webauthn:extension:minPinLength: true, webauthn:extension:prf: true, webauthn:virtualAuthenticators: true}
Session ID: c3bffdfc36f530983ee3547da49a9226">
      <![CDATA[org.openqa.selenium.TimeoutException: Expected condition failed: waiting for element to be clickable: By.xpath: //a[.//h4[normalize-space()='Messages']] (tried for 20 second(s) with 500 milliseconds interval)
Build info: version: '4.23.1', revision: '656257d8e9'
System info: os.name: 'Windows 11', os.arch: 'amd64', os.version: '10.0', java.version: '18.0.1.1'
Driver info: org.openqa.selenium.chrome.ChromeDriver
Capabilities {acceptInsecureCerts: false, browserName: chrome, browserVersion: 143.0.7499.193, chrome: {chromedriverVersion: 143.0.7499.192 (be2c1f4fd45..., userDataDir: C:\Users\PADMA~1.DES\AppDat...}, fedcm:accounts: true, goog:chromeOptions: {debuggerAddress: localhost:60076}, goog:processID: 7184, networkConnectionEnabled: false, pageLoadStrategy: normal, platformName: windows, proxy: Proxy(), se:cdp: ws://localhost:60076/devtoo..., se:cdpVersion: 143.0.7499.193, setWindowRect: true, strictFileInteractability: false, timeouts: {implicit: 0, pageLoad: 300000, script: 30000}, unhandledPromptBehavior: dismiss and notify, webauthn:extension:credBlob: true, webauthn:extension:largeBlob: true, webauthn:extension:minPinLength: true, webauthn:extension:prf: true, webauthn:virtualAuthenticators: true}
Session ID: c3bffdfc36f530983ee3547da49a9226
at org.openqa.selenium.support.ui.WebDriverWait.timeoutException(WebDriverWait.java:84)
at org.openqa.selenium.support.ui.FluentWait.until(FluentWait.java:228)
at AdminPages.AllMessagedropdownPage.clickOnMessageTab(AllMessagedropdownPage.java:61)
at AdminTestcase.AllMessagedropdownTest.setup(AllMessagedropdownTest.java:22)
at java.base/java.util.ArrayList.forEach(ArrayList.java:1511)
... Removed 29 stack frames]]>
    </failure>
  </testcase> <!-- @BeforeMethod setup -->
  <testcase classname="Base.BaseDriver" name="@AfterMethod tearDown" time="0.0">
    <skipped/>
  </testcase> <!-- @AfterMethod tearDown -->
  <testcase classname="AdminTestcase.AllParentsAdinStaffComposeMessageTest" name="@BeforeMethod setupTest" time="20.657">
    <failure type="org.openqa.selenium.TimeoutException" message="Expected condition failed: waiting for element to be clickable: By.xpath: //a[.//h4[normalize-space()=&amp;apos;Messages&amp;apos;]] (tried for 20 second(s) with 500 milliseconds interval)
Build info: version: &amp;apos;4.23.1&amp;apos;, revision: &amp;apos;656257d8e9&amp;apos;
System info: os.name: &amp;apos;Windows 11&amp;apos;, os.arch: &amp;apos;amd64&amp;apos;, os.version: &amp;apos;10.0&amp;apos;, java.version: &amp;apos;18.0.1.1&amp;apos;
Driver info: org.openqa.selenium.chrome.ChromeDriver
Capabilities {acceptInsecureCerts: false, browserName: chrome, browserVersion: 143.0.7499.193, chrome: {chromedriverVersion: 143.0.7499.192 (be2c1f4fd45..., userDataDir: C:\Users\PADMA~1.DES\AppDat...}, fedcm:accounts: true, goog:chromeOptions: {debuggerAddress: localhost:64468}, goog:processID: 22020, networkConnectionEnabled: false, pageLoadStrategy: normal, platformName: windows, proxy: Proxy(), se:cdp: ws://localhost:64468/devtoo..., se:cdpVersion: 143.0.7499.193, setWindowRect: true, strictFileInteractability: false, timeouts: {implicit: 0, pageLoad: 300000, script: 30000}, unhandledPromptBehavior: dismiss and notify, webauthn:extension:credBlob: true, webauthn:extension:largeBlob: true, webauthn:extension:minPinLength: true, webauthn:extension:prf: true, webauthn:virtualAuthenticators: true}
Session ID: b7d30f1b3e6701f819c19723c35ca3a3">
      <![CDATA[org.openqa.selenium.TimeoutException: Expected condition failed: waiting for element to be clickable: By.xpath: //a[.//h4[normalize-space()='Messages']] (tried for 20 second(s) with 500 milliseconds interval)
Build info: version: '4.23.1', revision: '656257d8e9'
System info: os.name: 'Windows 11', os.arch: 'amd64', os.version: '10.0', java.version: '18.0.1.1'
Driver info: org.openqa.selenium.chrome.ChromeDriver
Capabilities {acceptInsecureCerts: false, browserName: chrome, browserVersion: 143.0.7499.193, chrome: {chromedriverVersion: 143.0.7499.192 (be2c1f4fd45..., userDataDir: C:\Users\PADMA~1.DES\AppDat...}, fedcm:accounts: true, goog:chromeOptions: {debuggerAddress: localhost:64468}, goog:processID: 22020, networkConnectionEnabled: false, pageLoadStrategy: normal, platformName: windows, proxy: Proxy(), se:cdp: ws://localhost:64468/devtoo..., se:cdpVersion: 143.0.7499.193, setWindowRect: true, strictFileInteractability: false, timeouts: {implicit: 0, pageLoad: 300000, script: 30000}, unhandledPromptBehavior: dismiss and notify, webauthn:extension:credBlob: true, webauthn:extension:largeBlob: true, webauthn:extension:minPinLength: true, webauthn:extension:prf: true, webauthn:virtualAuthenticators: true}
Session ID: b7d30f1b3e6701f819c19723c35ca3a3
at org.openqa.selenium.support.ui.WebDriverWait.timeoutException(WebDriverWait.java:84)
at org.openqa.selenium.support.ui.FluentWait.until(FluentWait.java:228)
at AdminPages.AMessagePage.clickOnMessage(AMessagePage.java:31)
at AdminTestcase.AllParentsAdinStaffComposeMessageTest.setupTest(AllParentsAdinStaffComposeMessageTest.java:28)
at java.base/java.util.ArrayList.forEach(ArrayList.java:1511)
... Removed 29 stack frames]]>
    </failure>
  </testcase> <!-- @BeforeMethod setupTest -->
  <testcase classname="AdminTestcase.AllParentsAdinStaffComposeMessageTest" name="@AfterClass tearDown" time="0.0">
    <skipped/>
  </testcase> <!-- @AfterClass tearDown -->
  <testcase classname="AdminTestcase.AllParentComposeMessageTest" name="@BeforeMethod setupTest" time="22.818">
    <failure type="org.openqa.selenium.TimeoutException" message="Expected condition failed: waiting for element to be clickable: By.xpath: //a[.//h4[normalize-space()=&amp;apos;Messages&amp;apos;]] (tried for 20 second(s) with 500 milliseconds interval)
Build info: version: &amp;apos;4.23.1&amp;apos;, revision: &amp;apos;656257d8e9&amp;apos;
System info: os.name: &amp;apos;Windows 11&amp;apos;, os.arch: &amp;apos;amd64&amp;apos;, os.version: &amp;apos;10.0&amp;apos;, java.version: &amp;apos;18.0.1.1&amp;apos;
Driver info: org.openqa.selenium.chrome.ChromeDriver
Capabilities {acceptInsecureCerts: false, browserName: chrome, browserVersion: 143.0.7499.193, chrome: {chromedriverVersion: 143.0.7499.192 (be2c1f4fd45..., userDataDir: C:\Users\PADMA~1.DES\AppDat...}, fedcm:accounts: true, goog:chromeOptions: {debuggerAddress: localhost:51350}, goog:processID: 23196, networkConnectionEnabled: false, pageLoadStrategy: normal, platformName: windows, proxy: Proxy(), se:cdp: ws://localhost:51350/devtoo..., se:cdpVersion: 143.0.7499.193, setWindowRect: true, strictFileInteractability: false, timeouts: {implicit: 0, pageLoad: 300000, script: 30000}, unhandledPromptBehavior: dismiss and notify, webauthn:extension:credBlob: true, webauthn:extension:largeBlob: true, webauthn:extension:minPinLength: true, webauthn:extension:prf: true, webauthn:virtualAuthenticators: true}
Session ID: 7d31d8dc6a969f0f71d54379e5239aa7">
      <![CDATA[org.openqa.selenium.TimeoutException: Expected condition failed: waiting for element to be clickable: By.xpath: //a[.//h4[normalize-space()='Messages']] (tried for 20 second(s) with 500 milliseconds interval)
Build info: version: '4.23.1', revision: '656257d8e9'
System info: os.name: 'Windows 11', os.arch: 'amd64', os.version: '10.0', java.version: '18.0.1.1'
Driver info: org.openqa.selenium.chrome.ChromeDriver
Capabilities {acceptInsecureCerts: false, browserName: chrome, browserVersion: 143.0.7499.193, chrome: {chromedriverVersion: 143.0.7499.192 (be2c1f4fd45..., userDataDir: C:\Users\PADMA~1.DES\AppDat...}, fedcm:accounts: true, goog:chromeOptions: {debuggerAddress: localhost:51350}, goog:processID: 23196, networkConnectionEnabled: false, pageLoadStrategy: normal, platformName: windows, proxy: Proxy(), se:cdp: ws://localhost:51350/devtoo..., se:cdpVersion: 143.0.7499.193, setWindowRect: true, strictFileInteractability: false, timeouts: {implicit: 0, pageLoad: 300000, script: 30000}, unhandledPromptBehavior: dismiss and notify, webauthn:extension:credBlob: true, webauthn:extension:largeBlob: true, webauthn:extension:minPinLength: true, webauthn:extension:prf: true, webauthn:virtualAuthenticators: true}
Session ID: 7d31d8dc6a969f0f71d54379e5239aa7
at org.openqa.selenium.support.ui.WebDriverWait.timeoutException(WebDriverWait.java:84)
at org.openqa.selenium.support.ui.FluentWait.until(FluentWait.java:228)
at AdminPages.AMessagePage.clickOnMessage(AMessagePage.java:31)
at AdminTestcase.AllParentComposeMessageTest.setupTest(AllParentComposeMessageTest.java:33)
at java.base/java.util.ArrayList.forEach(ArrayList.java:1511)
... Removed 29 stack frames]]>
    </failure>
  </testcase> <!-- @BeforeMethod setupTest -->
  <testcase classname="Base.BaseDriver" name="@AfterMethod tearDown" time="0.0">
    <skipped/>
  </testcase> <!-- @AfterMethod tearDown -->
  <testcase classname="AdminTestcase.AllMessagedropdownTest" name="replyToRandomMessageWithAttachment" time="0.0">
    <skipped/>
  </testcase> <!-- replyToRandomMessageWithAttachment -->
  <testcase classname="AdminTestcase.AllParentsAdinStaffComposeMessageTest" name="sendMessageWithAttachments" time="0.0">
    <skipped/>
  </testcase> <!-- sendMessageWithAttachments -->
  <testcase classname="AdminTestcase.AllParentComposeMessageTest" name="sendAllParentsMessageWithRandomStaffCC" time="0.0">
    <skipped/>
  </testcase> <!-- sendAllParentsMessageWithRandomStaffCC -->
  <testcase classname="AdminTestcase.AllStaffMessageTest" name="testFullMessageCompositionAndSend" time="100.573"/>
  <testcase classname="AdminTestcase.AdminSearchMessageTest" name="replyToRandomMessageWithAttachment" time="49.757"/>
  <testcase classname="AdminTestcase.AllMessageSearchTest" name="replyToRandomMessageWithAttachment" time="44.526"/>
  <testcase classname="AdminTestcase.IndidualParentMessageTest" name="sendAllIndidualMessageWithRandomStaffCC" time="14.395"/>
  <testcase classname="AdminTestcase.IndidualStaffMessageTest" name="sendAllIndidualMessageWithRandomStaffCC" time="8.671"/>
  <testcase classname="AdminTestcase.IndividualComposeMessageTest" name="sendIndividualMessageRandomly" time="11.139"/>
  <testcase classname="AdminTestcase.StaffSearchMessageTest" name="replyToRandomMessageWithAttachment" time="49.406"/>
</testsuite> <!-- Admin Testcase -->
