<?xml version="1.0" encoding="UTF-8"?>
<!-- Generated by org.testng.reporters.JUnitXMLReporter -->
<testsuite ignored="0" hostname="DESKTOP-ODC64OD" failures="1" tests="4" name="SuperAdmin Testcase" time="187.05" errors="0" timestamp="2025-12-06T13:28:12 IST">
  <testcase classname="SuperAdminTestcase.SuperChildBackbuttonTest" name="testPaymentFlowWithSpecificGuardian" time="49.176">
    <failure type="java.lang.AssertionError" message="❌ Specific guardian test failed: Failed to select guardian by name: Guardian not found: Radhika CC">
      <![CDATA[java.lang.AssertionError: ❌ Specific guardian test failed: Failed to select guardian by name: Guardian not found: Radhika CC
at SuperAdminTestcase.SuperChildBackbuttonTest.testPaymentFlowWithSpecificGuardian(SuperChildBackbuttonTest.java:49)
at java.base/java.util.ArrayList.forEach(ArrayList.java:1511)
... Removed 26 stack frames]]>
    </failure>
  </testcase> <!-- testPaymentFlowWithSpecificGuardian -->
  <testcase classname="SuperAdminTestcase.SuperSearchFilterTest" name="testStudentFilteringWithRandomValues" time="49.388"/>
  <testcase classname="SuperAdminTestcase.SuperSearchFilterTest" name="testSpecificFilterCombinations" time="60.21"/>
  <testcase classname="SuperAdminTestcase.SuperSearchFilterTest" name="testPaginationWith50Items" time="9.379"/>
</testsuite> <!-- SuperAdmin Testcase -->
