<?xml version="1.0" encoding="UTF-8"?>
<!-- Generated by org.testng.reporters.JUnitReportReporter -->
<testsuite hostname="DESKTOP-ODC64OD" failures="0" tests="1" name="SuperAdminTestcase.SuperChildregistrationTest" time="125.217" errors="0" timestamp="2025-10-13T17:45:09 IST" skipped="0">
  <testcase classname="SuperAdminTestcase.SuperChildregistrationTest" name="validateCompleteRegistrationFlow" time="125.217"/>
  <system-out/>
</testsuite> <!-- SuperAdminTestcase.SuperChildregistrationTest -->
