<?xml version="1.0" encoding="UTF-8"?>
<!-- Generated by org.testng.reporters.JUnitReportReporter -->
<testsuite hostname="DESKTOP-ODC64OD" failures="0" tests="2" name="SuperAdminTestcase.SuperStudentEditTest" time="42.847" errors="0" timestamp="2025-10-27T15:48:16 IST" skipped="0">
  <testcase classname="SuperAdminTestcase.SuperStudentEditTest" name="verifyStudentDetailsCanBeEdited" time="22.757"/>
  <system-out/>
  <testcase classname="SuperAdminTestcase.SuperStudentEditTest" name="verifyAlternatePhoneNumberFields" time="20.090"/>
  <system-out/>
</testsuite> <!-- SuperAdminTestcase.SuperStudentEditTest -->
