<?xml version="1.0" encoding="UTF-8"?>
<!-- Generated by org.testng.reporters.JUnitReportReporter -->
<testsuite hostname="DESKTOP-ODC64OD" failures="0" tests="3" name="AdminSpeciations.LoginSpecificationTest" time="9.903" errors="0" timestamp="2025-10-27T14:16:28 IST" skipped="0">
  <testcase classname="AdminSpeciations.LoginSpecificationTest" name="verifyEmailFieldSpecifications" time="2.953"/>
  <system-out/>
  <testcase classname="AdminSpeciations.LoginSpecificationTest" name="verifyPasswordFieldSpecifications" time="2.245"/>
  <system-out/>
  <testcase classname="AdminSpeciations.LoginSpecificationTest" name="verifySignInButtonSpecifications" time="4.705"/>
  <system-out/>
</testsuite> <!-- AdminSpeciations.LoginSpecificationTest -->
