<?xml version="1.0" encoding="UTF-8"?>
<!-- Generated by org.testng.reporters.JUnitReportReporter -->
<testsuite hostname="DESKTOP-ODC64OD" failures="0" tests="2" name="AdminTestcase.CheckDelateMessageTest" time="78.289" errors="0" timestamp="2026-01-13T23:31:40 IST" skipped="0">
  <testcase classname="AdminTestcase.CheckDelateMessageTest" name="testDeleteAllMessages" time="37.412"/>
  <testcase classname="AdminTestcase.CheckDelateMessageTest" name="testSelectRandomMessageAndDelete" time="40.877"/>
</testsuite> <!-- AdminTestcase.CheckDelateMessageTest -->
