<?xml version="1.0" encoding="UTF-8"?>
<!-- Generated by org.testng.reporters.JUnitReportReporter -->
<testsuite hostname="DESKTOP-ODC64OD" failures="0" tests="1" name="AdminTestcase.AllIndividualParentStaffAdmincomposeMessaeageTest" time="11.322" errors="0" timestamp="2026-01-14T13:08:48 IST" skipped="0">
  <testcase classname="AdminTestcase.AllIndividualParentStaffAdmincomposeMessaeageTest" name="sendAllIndidualMessageWithRandomStaffCC" time="11.322"/>
</testsuite> <!-- AdminTestcase.AllIndividualParentStaffAdmincomposeMessaeageTest -->
