<?xml version="1.0" encoding="UTF-8"?>
<!-- Generated by org.testng.reporters.JUnitReportReporter -->
<testsuite hostname="DESKTOP-ODC64OD" failures="0" tests="1" name="AdminSpeciations.ParentGuardianUISpecificationTest" time="40.667" errors="0" timestamp="2025-12-06T19:40:33 IST" skipped="0">
  <testcase classname="AdminSpeciations.ParentGuardianUISpecificationTest" name="completeParentGuardianUIValidationTest" time="40.667"/>
</testsuite> <!-- AdminSpeciations.ParentGuardianUISpecificationTest -->
