<?xml version="1.0" encoding="UTF-8"?>
<!-- Generated by org.testng.reporters.JUnitReportReporter -->
<testsuite hostname="DESKTOP-ODC64OD" failures="0" tests="2" name="AdminTestcase.CheckParentDelateMessageTest" time="76.352" errors="0" timestamp="2026-01-13T23:46:58 IST" skipped="0">
  <testcase classname="AdminTestcase.CheckParentDelateMessageTest" name="testSelectRandomMessageAndDelete" time="38.480"/>
  <testcase classname="AdminTestcase.CheckParentDelateMessageTest" name="testDeleteAllMessages" time="37.872"/>
</testsuite> <!-- AdminTestcase.CheckParentDelateMessageTest -->
