<?xml version="1.0" encoding="UTF-8"?>
<!-- Generated by org.testng.reporters.JUnitReportReporter -->
<testsuite hostname="DESKTOP-ODC64OD" failures="0" tests="3" name="SuperAdminTestcase.SuperSearchFilterTest" time="132.871" errors="0" timestamp="2025-12-06T13:28:12 IST" skipped="0">
  <testcase classname="SuperAdminTestcase.SuperSearchFilterTest" name="testStudentFilteringWithRandomValues" time="54.010"/>
  <testcase classname="SuperAdminTestcase.SuperSearchFilterTest" name="testSpecificFilterCombinations" time="64.155"/>
  <testcase classname="SuperAdminTestcase.SuperSearchFilterTest" name="testPaginationWith50Items" time="14.706"/>
</testsuite> <!-- SuperAdminTestcase.SuperSearchFilterTest -->
