<?xml version="1.0" encoding="UTF-8"?>
<!-- Generated by org.testng.reporters.JUnitReportReporter -->
<testsuite hostname="DESKTOP-ODC64OD" failures="0" tests="3" name="SuperAdminTestcase.SuperSearchFilterTest" time="255.066" errors="0" timestamp="2026-01-13T15:38:04 IST" skipped="0">
  <testcase classname="SuperAdminTestcase.SuperSearchFilterTest" name="testStudentFilteringWithRandomValues" time="55.583"/>
  <testcase classname="SuperAdminTestcase.SuperSearchFilterTest" name="testSpecificFilterCombinations" time="184.547"/>
  <testcase classname="SuperAdminTestcase.SuperSearchFilterTest" name="testPaginationWith50Items" time="14.936"/>
</testsuite> <!-- SuperAdminTestcase.SuperSearchFilterTest -->
