<?xml version="1.0" encoding="UTF-8"?>
<!-- Generated by org.testng.reporters.JUnitReportReporter -->
<testsuite hostname="DESKTOP-ODC64OD" failures="0" tests="1" name="SuperAdminTestcase.SuperBackbuttonpaymentTest" time="29.010" errors="0" timestamp="2025-10-23T18:37:06 IST" skipped="0">
  <testcase classname="SuperAdminTestcase.SuperBackbuttonpaymentTest" name="paymentBackButtonPaymentTestTest" time="29.010"/>
  <system-out/>
</testsuite> <!-- SuperAdminTestcase.SuperBackbuttonpaymentTest -->
